2023-11-02 10:35:37,830 - SuPy - INFO - All cache cleared.
2023-11-02 10:35:37,832 - SuPy - ERROR - C:\GitHub\SUEWS_DB_Typology_test\sensitivity\RunControl_TD.nml does not exists!
Traceback (most recent call last):
  File "c:\Users\xbacos\Miniconda3\envs\supy_env\Lib\site-packages\supy\_load.py", line 264, in load_SUEWS_nml_simple
    df_res = pd.DataFrame(f90nml.read(str_file))
                          ^^^^^^^^^^^^^^^^^^^^^
  File "c:\Users\xbacos\Miniconda3\envs\supy_env\Lib\site-packages\f90nml\__init__.py", line 31, in read
    return parser.read(nml_path)
           ^^^^^^^^^^^^^^^^^^^^^
  File "c:\Users\xbacos\Miniconda3\envs\supy_env\Lib\site-packages\f90nml\parser.py", line 279, in read
    nml_file = open(nml_fname, 'r') if nml_is_path else nml_fname
               ^^^^^^^^^^^^^^^^^^^^
FileNotFoundError: [Errno 2] No such file or directory: 'C:\\GitHub\\SUEWS_DB_Typology_test\\sensitivity\\RunControl_TD.nml'
2023-11-02 10:36:13,102 - SuPy - INFO - All cache cleared.
2023-11-02 10:37:09,243 - SuPy - INFO - All cache cleared.
2023-11-02 10:37:10,197 - SuPy - INFO - All cache cleared.
2023-11-02 10:37:11,167 - SuPy - INFO - All cache cleared.
2023-11-02 10:37:12,141 - SuPy - INFO - All cache cleared.
2023-11-02 10:37:33,996 - SuPy - INFO - All cache cleared.
2023-11-02 10:38:04,216 - SuPy - INFO - All cache cleared.
2023-11-02 10:39:04,220 - SuPy - INFO - ====================
2023-11-02 10:39:04,222 - SuPy - INFO - Simulation period:
2023-11-02 10:39:51,763 - SuPy - INFO - All cache cleared.
2023-11-02 10:39:56,985 - SuPy - INFO - ====================
2023-11-02 10:39:56,987 - SuPy - INFO - Simulation period:
2023-11-02 10:39:59,220 - SuPy - INFO - ====================
2023-11-02 10:39:59,221 - SuPy - INFO - Simulation period:
2023-11-02 10:40:03,015 - SuPy - INFO - All cache cleared.
2023-11-02 10:40:07,383 - SuPy - INFO - ====================
2023-11-02 10:40:07,383 - SuPy - INFO - Simulation period:
2023-11-02 10:44:16,709 - SuPy - INFO - All cache cleared.
2023-11-02 10:44:17,841 - SuPy - INFO - All cache cleared.
2023-11-02 10:44:18,927 - SuPy - INFO - All cache cleared.
2023-11-02 10:44:20,004 - SuPy - INFO - All cache cleared.
2023-11-02 10:44:54,130 - SuPy - INFO - All cache cleared.
2023-11-02 10:45:11,809 - SuPy - INFO - All cache cleared.
2023-11-02 10:45:24,430 - SuPy - INFO - All cache cleared.
2023-11-02 10:45:33,309 - SuPy - INFO - All cache cleared.
2023-11-02 10:46:07,637 - SuPy - INFO - All cache cleared.
2023-11-02 10:46:16,957 - SuPy - INFO - ====================
2023-11-02 10:46:16,958 - SuPy - INFO - Simulation period:
2023-11-02 10:46:16,960 - SuPy - INFO -   Start: 2018-07-15 00:05:00
2023-11-02 10:46:16,961 - SuPy - INFO -   End: 2018-07-17 23:55:00
2023-11-02 10:46:16,962 - SuPy - INFO - 
2023-11-02 10:46:16,962 - SuPy - INFO - No. of grids: 1
2023-11-02 10:46:16,963 - SuPy - INFO - SuPy is running in serial mode
2023-11-02 10:48:16,226 - SuPy - INFO - ====================
2023-11-02 10:48:16,227 - SuPy - INFO - Simulation period:
2023-11-02 10:48:16,228 - SuPy - INFO -   Start: 2018-07-15 00:05:00
2023-11-02 10:48:16,230 - SuPy - INFO -   End: 2018-07-17 23:55:00
2023-11-02 10:48:16,231 - SuPy - INFO - 
2023-11-02 10:48:16,232 - SuPy - INFO - No. of grids: 1
2023-11-02 10:48:16,232 - SuPy - INFO - SuPy is running in serial mode
2023-11-02 10:49:19,028 - SuPy - INFO - All cache cleared.
2023-11-02 10:49:20,114 - SuPy - INFO - All cache cleared.
2023-11-02 10:49:21,223 - SuPy - INFO - All cache cleared.
2023-11-02 10:49:22,371 - SuPy - INFO - All cache cleared.
2023-11-02 10:49:24,557 - SuPy - INFO - ====================
2023-11-02 10:49:24,558 - SuPy - INFO - Simulation period:
2023-11-02 10:49:24,559 - SuPy - INFO -   Start: 2018-07-15 00:05:00
2023-11-02 10:49:24,561 - SuPy - INFO -   End: 2018-07-17 23:55:00
2023-11-02 10:49:24,561 - SuPy - INFO - 
2023-11-02 10:49:24,562 - SuPy - INFO - No. of grids: 1
2023-11-02 10:49:24,564 - SuPy - INFO - SuPy is running in serial mode
2023-11-02 10:49:42,859 - SuPy - INFO - All cache cleared.
2023-11-02 10:49:44,028 - SuPy - INFO - All cache cleared.
2023-11-02 10:49:45,137 - SuPy - INFO - All cache cleared.
2023-11-02 10:49:46,191 - SuPy - INFO - All cache cleared.
2023-11-02 10:49:47,212 - SuPy - INFO - ====================
2023-11-02 10:49:47,213 - SuPy - INFO - Simulation period:
2023-11-02 10:49:47,214 - SuPy - INFO -   Start: 2018-07-15 00:05:00
2023-11-02 10:49:47,215 - SuPy - INFO -   End: 2018-07-17 23:55:00
2023-11-02 10:49:47,217 - SuPy - INFO - 
2023-11-02 10:49:47,218 - SuPy - INFO - No. of grids: 1
2023-11-02 10:49:47,219 - SuPy - INFO - SuPy is running in serial mode
2023-11-02 10:50:24,733 - SuPy - INFO - ====================
2023-11-02 10:50:24,734 - SuPy - INFO - Simulation period:
2023-11-02 10:50:24,734 - SuPy - INFO -   Start: 2018-07-15 00:05:00
2023-11-02 10:50:24,735 - SuPy - INFO -   End: 2018-07-17 23:55:00
2023-11-02 10:50:24,736 - SuPy - INFO - 
2023-11-02 10:50:24,737 - SuPy - INFO - No. of grids: 1
2023-11-02 10:50:24,737 - SuPy - INFO - SuPy is running in serial mode
2023-11-02 10:50:27,834 - SuPy - INFO - ====================
2023-11-02 10:50:27,835 - SuPy - INFO - Simulation period:
2023-11-02 10:50:27,836 - SuPy - INFO -   Start: 2018-07-15 00:05:00
2023-11-02 10:50:27,837 - SuPy - INFO -   End: 2018-07-17 23:55:00
2023-11-02 10:50:27,837 - SuPy - INFO - 
2023-11-02 10:50:27,839 - SuPy - INFO - No. of grids: 1
2023-11-02 10:50:27,840 - SuPy - INFO - SuPy is running in serial mode
2023-11-02 10:50:57,399 - SuPy - INFO - Execution time: 29.6 s
2023-11-02 10:50:57,399 - SuPy - INFO - ====================

2023-11-02 10:50:57,401 - SuPy - INFO - ====================
2023-11-02 10:50:57,401 - SuPy - INFO - Simulation period:
2023-11-02 10:50:57,402 - SuPy - INFO -   Start: 2018-07-15 00:05:00
2023-11-02 10:50:57,403 - SuPy - INFO -   End: 2018-07-17 23:55:00
2023-11-02 10:50:57,403 - SuPy - INFO - 
2023-11-02 10:50:57,404 - SuPy - INFO - No. of grids: 1
2023-11-02 10:50:57,404 - SuPy - INFO - SuPy is running in serial mode
2023-11-02 10:51:34,706 - SuPy - INFO - Execution time: 37.3 s
2023-11-02 10:51:34,707 - SuPy - INFO - ====================

2023-11-02 10:55:39,071 - SuPy - INFO - All cache cleared.
2023-11-02 10:55:43,610 - SuPy - INFO - ====================
2023-11-02 10:55:43,611 - SuPy - INFO - Simulation period:
2023-11-02 10:55:43,612 - SuPy - INFO -   Start: 2018-07-15 00:05:00
2023-11-02 10:55:43,613 - SuPy - INFO -   End: 2018-07-25 23:55:00
2023-11-02 10:55:43,614 - SuPy - INFO - 
2023-11-02 10:55:43,615 - SuPy - INFO - No. of grids: 1
2023-11-02 10:55:43,616 - SuPy - INFO - SuPy is running in serial mode
2023-11-02 10:57:24,484 - SuPy - INFO - Execution time: 100.9 s
2023-11-02 10:57:24,486 - SuPy - INFO - ====================

2023-11-02 10:57:24,487 - SuPy - INFO - ====================
2023-11-02 10:57:24,487 - SuPy - INFO - Simulation period:
2023-11-02 10:57:24,488 - SuPy - INFO -   Start: 2018-07-15 00:05:00
2023-11-02 10:57:24,489 - SuPy - INFO -   End: 2018-07-25 23:55:00
2023-11-02 10:57:24,490 - SuPy - INFO - 
2023-11-02 10:57:24,490 - SuPy - INFO - No. of grids: 1
2023-11-02 10:57:24,491 - SuPy - INFO - SuPy is running in serial mode
2023-11-02 11:01:07,505 - SuPy - INFO - Execution time: 223.0 s
2023-11-02 11:01:07,507 - SuPy - INFO - ====================

2023-11-03 09:54:30,934 - SuPy - INFO - All cache cleared.
2023-11-03 09:54:33,954 - SuPy - INFO - All cache cleared.
2023-11-03 09:54:35,897 - SuPy - INFO - All cache cleared.
2023-11-03 09:54:37,271 - SuPy - INFO - All cache cleared.
2023-11-03 09:54:38,827 - SuPy - INFO - All cache cleared.
2023-11-03 09:55:53,731 - SuPy - INFO - All cache cleared.
2023-11-03 09:55:54,791 - SuPy - INFO - All cache cleared.
2023-11-03 09:55:55,869 - SuPy - INFO - All cache cleared.
2023-11-03 09:55:57,018 - SuPy - INFO - All cache cleared.
2023-11-03 15:07:46,583 - SuPy - INFO - All cache cleared.
2023-11-03 15:07:51,768 - SuPy - INFO - All cache cleared.
2023-11-03 15:07:55,977 - SuPy - INFO - All cache cleared.
2023-11-03 15:07:59,867 - SuPy - INFO - All cache cleared.
2023-11-03 15:16:03,199 - SuPy - INFO - All cache cleared.
2023-11-03 15:16:04,320 - SuPy - INFO - All cache cleared.
2023-11-03 15:16:05,391 - SuPy - INFO - All cache cleared.
2023-11-03 15:16:06,500 - SuPy - INFO - All cache cleared.
2023-11-03 15:18:20,105 - SuPy - INFO - All cache cleared.
2023-11-03 15:18:21,230 - SuPy - INFO - All cache cleared.
2023-11-03 15:18:22,308 - SuPy - INFO - All cache cleared.
2023-11-03 15:18:23,341 - SuPy - INFO - All cache cleared.
2023-11-03 15:18:44,142 - SuPy - INFO - All cache cleared.
2023-11-03 15:18:45,287 - SuPy - INFO - All cache cleared.
2023-11-03 15:18:46,398 - SuPy - INFO - All cache cleared.
2023-11-03 15:18:47,535 - SuPy - INFO - All cache cleared.
2023-11-03 15:41:10,137 - SuPy - INFO - All cache cleared.
2023-11-03 15:41:11,438 - SuPy - INFO - All cache cleared.
2023-11-03 15:41:12,901 - SuPy - INFO - All cache cleared.
2023-11-03 15:41:14,490 - SuPy - INFO - All cache cleared.
2023-11-03 15:45:19,764 - SuPy - INFO - All cache cleared.
2023-11-03 15:45:21,021 - SuPy - INFO - All cache cleared.
2023-11-03 15:45:22,142 - SuPy - INFO - All cache cleared.
2023-11-03 15:45:23,325 - SuPy - INFO - All cache cleared.
2023-11-03 15:50:29,688 - SuPy - INFO - All cache cleared.
2023-11-03 15:50:30,995 - SuPy - INFO - All cache cleared.
2023-11-03 15:50:32,236 - SuPy - INFO - All cache cleared.
2023-11-03 15:50:33,438 - SuPy - INFO - All cache cleared.
2023-11-03 15:51:46,982 - SuPy - INFO - All cache cleared.
2023-11-03 15:51:48,179 - SuPy - INFO - All cache cleared.
2023-11-03 15:51:49,344 - SuPy - INFO - All cache cleared.
2023-11-03 15:51:50,431 - SuPy - INFO - All cache cleared.
2023-11-03 16:02:15,082 - SuPy - INFO - All cache cleared.
2023-11-03 16:02:24,972 - SuPy - INFO - ====================
2023-11-03 16:02:24,973 - SuPy - INFO - Simulation period:
2023-11-03 16:02:24,975 - SuPy - INFO -   Start: 2018-07-15 00:05:00
2023-11-03 16:02:24,976 - SuPy - INFO -   End: 2018-07-25 23:55:00
2023-11-03 16:02:24,977 - SuPy - INFO - 
2023-11-03 16:02:24,978 - SuPy - INFO - No. of grids: 1
2023-11-03 16:02:24,979 - SuPy - INFO - SuPy is running in serial mode
2023-11-03 16:03:54,915 - SuPy - INFO - Execution time: 89.9 s
2023-11-03 16:03:54,916 - SuPy - INFO - ====================

2023-11-03 16:12:04,474 - SuPy - INFO - All cache cleared.
2023-11-03 16:12:05,683 - SuPy - INFO - All cache cleared.
2023-11-03 16:12:06,854 - SuPy - INFO - All cache cleared.
2023-11-03 16:12:07,992 - SuPy - INFO - All cache cleared.
2023-11-03 16:13:03,914 - SuPy - INFO - ====================
2023-11-03 16:13:03,915 - SuPy - INFO - Simulation period:
2023-11-03 16:13:03,916 - SuPy - INFO -   Start: 2018-07-15 00:05:00
2023-11-03 16:13:03,917 - SuPy - INFO -   End: 2018-07-25 23:55:00
2023-11-03 16:13:03,917 - SuPy - INFO - 
2023-11-03 16:13:03,918 - SuPy - INFO - No. of grids: 1
2023-11-03 16:13:03,919 - SuPy - INFO - SuPy is running in serial mode
2023-11-03 16:14:31,807 - SuPy - INFO - Execution time: 87.9 s
2023-11-03 16:14:31,808 - SuPy - INFO - ====================

2023-11-03 16:15:20,444 - SuPy - INFO - All cache cleared.
2023-11-03 16:15:21,556 - SuPy - INFO - All cache cleared.
2023-11-03 16:15:22,649 - SuPy - INFO - All cache cleared.
2023-11-03 16:15:23,743 - SuPy - INFO - All cache cleared.
2023-11-03 16:15:29,846 - SuPy - INFO - ====================
2023-11-03 16:15:29,847 - SuPy - INFO - Simulation period:
2023-11-03 16:15:29,848 - SuPy - INFO -   Start: 2018-07-15 00:05:00
2023-11-03 16:15:29,849 - SuPy - INFO -   End: 2018-07-25 23:55:00
2023-11-03 16:15:29,849 - SuPy - INFO - 
2023-11-03 16:15:29,850 - SuPy - INFO - No. of grids: 1
2023-11-03 16:15:29,851 - SuPy - INFO - SuPy is running in serial mode
2023-11-03 16:16:17,632 - SuPy - INFO - All cache cleared.
2023-11-03 16:16:18,927 - SuPy - INFO - All cache cleared.
2023-11-03 16:16:20,364 - SuPy - INFO - All cache cleared.
2023-11-03 16:16:21,998 - SuPy - INFO - All cache cleared.
2023-11-03 16:16:39,468 - SuPy - INFO - All cache cleared.
2023-11-03 16:16:47,584 - SuPy - INFO - ====================
2023-11-03 16:16:47,585 - SuPy - INFO - Simulation period:
2023-11-03 16:16:47,587 - SuPy - INFO -   Start: 2018-07-15 00:05:00
2023-11-03 16:16:47,588 - SuPy - INFO -   End: 2018-07-25 23:55:00
2023-11-03 16:16:47,590 - SuPy - INFO - 
2023-11-03 16:16:47,591 - SuPy - INFO - No. of grids: 1
2023-11-03 16:16:47,592 - SuPy - INFO - SuPy is running in serial mode
2023-11-03 16:27:29,512 - SuPy - INFO - Execution time: 641.9 s
2023-11-03 16:27:29,513 - SuPy - INFO - ====================

2025-01-22 13:26:01,836 - SuPy - INFO - All cache cleared.
2025-01-22 13:26:01,863 - SuPy - ERROR - C:\GitHub\SUEWS_DB_Typology_test\sensitivity\TN\test_stebbs_building_typologies.nml does not exists!
Traceback (most recent call last):
  File "c:\Users\xbacos\miniconda3\envs\supy_env\Lib\site-packages\supy\_load.py", line 276, in load_SUEWS_nml
    df_nml = pd.DataFrame(parser.read(p_nml))
                          ^^^^^^^^^^^^^^^^^^
  File "C:\Users\xbacos\AppData\Roaming\Python\Python312\site-packages\f90nml\parser.py", line 279, in read
    nml_file = open(nml_fname, 'r') if nml_is_path else nml_fname
               ^^^^^^^^^^^^^^^^^^^^
FileNotFoundError: [Errno 2] No such file or directory: 'C:\\GitHub\\SUEWS_DB_Typology_test\\sensitivity\\TN\\test_stebbs_building_typologies.nml'
2025-01-22 13:27:02,892 - SuPy - INFO - All cache cleared.
2025-01-22 13:27:42,639 - SuPy - INFO - All cache cleared.
2025-01-22 13:27:52,406 - SuPy - INFO - All cache cleared.
2025-01-22 13:28:13,416 - SuPy - INFO - ====================
2025-01-22 13:28:13,417 - SuPy - INFO - Simulation period:
2025-01-22 13:28:13,418 - SuPy - INFO -   Start: 2018-06-28 00:05:00
2025-01-22 13:28:13,419 - SuPy - INFO -   End: 2018-06-29 23:55:00
2025-01-22 13:28:13,421 - SuPy - INFO - 
2025-01-22 13:28:13,422 - SuPy - INFO - No. of grids: 1
2025-01-22 13:28:13,423 - SuPy - INFO - SuPy is running in serial mode
2025-01-22 13:29:42,663 - SuPy - INFO - Execution time: 89.2 s
2025-01-22 13:29:42,663 - SuPy - INFO - ====================

2025-02-04 11:01:52,954 - SuPy - INFO - All cache cleared.
2025-02-24 14:39:16,803 - SuPy - WARNING - Input is not a yaml file, loading from other sources. These methods will be deprecated in later versions.
2025-02-24 14:39:16,896 - SuPy - INFO - All cache cleared.
2025-02-24 15:33:20,580 - SuPy - WARNING - Input is not a yaml file, loading from other sources. These methods will be deprecated in later versions.
2025-02-24 15:33:20,845 - SuPy - INFO - All cache cleared.
2025-02-24 15:33:40,692 - SuPy - INFO - All cache cleared.
2025-02-24 15:34:03,535 - SuPy - INFO - All cache cleared.
2025-02-24 15:34:15,164 - SuPy - INFO - All cache cleared.
2025-02-24 15:34:41,849 - SuPy - INFO - All cache cleared.
2025-02-24 15:34:46,263 - SuPy - INFO - ====================
2025-02-24 15:34:46,264 - SuPy - INFO - Simulation period:
2025-02-24 15:34:46,265 - SuPy - INFO -   Start: 2018-06-28 00:05:00
2025-02-24 15:34:46,266 - SuPy - INFO -   End: 2018-06-29 23:55:00
2025-02-24 15:34:46,266 - SuPy - INFO - 
2025-02-24 15:34:46,267 - SuPy - INFO - No. of grids: 1
2025-02-24 15:34:46,267 - SuPy - INFO - SuPy is running in serial mode
2025-02-24 15:36:11,452 - SuPy - INFO - Execution time: 85.2 s
2025-02-24 15:36:11,452 - SuPy - INFO - ====================

2025-02-24 15:37:41,547 - SuPy - INFO - ====================
2025-02-24 15:37:41,547 - SuPy - INFO - Simulation period:
2025-02-24 15:37:41,547 - SuPy - INFO -   Start: 2018-06-28 00:05:00
2025-02-24 15:37:41,547 - SuPy - INFO -   End: 2018-06-29 23:55:00
2025-02-24 15:37:41,547 - SuPy - INFO - 
2025-02-24 15:37:41,547 - SuPy - INFO - No. of grids: 1
2025-02-24 15:37:41,547 - SuPy - INFO - SuPy is running in serial mode
2025-02-24 15:39:06,082 - SuPy - INFO - Execution time: 84.5 s
2025-02-24 15:39:06,082 - SuPy - INFO - ====================

2025-02-24 15:44:57,279 - SuPy - INFO - ====================
2025-02-24 15:44:57,279 - SuPy - INFO - Simulation period:
2025-02-24 15:44:57,279 - SuPy - INFO -   Start: 2018-06-28 00:05:00
2025-02-24 15:44:57,279 - SuPy - INFO -   End: 2018-06-29 23:55:00
2025-02-24 15:44:57,279 - SuPy - INFO - 
2025-02-24 15:44:57,279 - SuPy - INFO - No. of grids: 1
2025-02-24 15:44:57,279 - SuPy - INFO - SuPy is running in serial mode
2025-02-24 15:46:22,061 - SuPy - INFO - Execution time: 84.8 s
2025-02-24 15:46:22,061 - SuPy - INFO - ====================

